<?xml version="1.0" encoding="UTF-8"?><testsuite errors="1" failures="0" name="HU002" skipped="0" tests="1" time="32.62" timestamp="2021-06-11 06:58:36"><testcase name="Buscar un producto aleatorio en Dekosas exitoso"><error message="Index: 2, Size: 0" type="java.lang.IndexOutOfBoundsException">Index: 2, Size: 0</error><system-err>Index: 2, Size: 0&#13;
interactions.ClicProductoAleatorio.performAs(ClicProductoAleatorio.java:29)&#13;
tasks.BuscarProductoAleatorioEnDekosas.performAs(BuscarProductoAleatorioEnDekosas.java:17)&#13;
stepDefinitions.BuscadorDekosasAleatorioStepDefinitions.buscoUnProductoAleatorioEnLaPagina(BuscadorDekosasAleatorioStepDefinitions.java:26)&#13;
cucumber.runner.Runner.runPickle(Runner.java:80)&#13;
org.eclipse.jdt.internal.junit4.runner.JUnit4TestReference.run(JUnit4TestReference.java:89)&#13;
org.eclipse.jdt.internal.junit.runner.TestExecution.run(TestExecution.java:41)&#13;
org.eclipse.jdt.internal.junit.runner.RemoteTestRunner.runTests(RemoteTestRunner.java:541)&#13;
org.eclipse.jdt.internal.junit.runner.RemoteTestRunner.runTests(RemoteTestRunner.java:763)&#13;
org.eclipse.jdt.internal.junit.runner.RemoteTestRunner.run(RemoteTestRunner.java:463)&#13;
org.eclipse.jdt.internal.junit.runner.RemoteTestRunner.main(RemoteTestRunner.java:209)&#13;
</system-err></testcase></testsuite>